TN:
SF:src/components/auth/LoginForm.tsx
FN:6,(anonymous_1)
FNF:1
FNH:1
FNDA:2,(anonymous_1)
DA:1,1
DA:2,1
DA:3,1
DA:4,1
DA:6,1
DA:7,2
DA:9,2
DA:25,1
LF:8
LH:8
BRF:0
BRH:0
end_of_record
TN:
SF:src/components/auth/PrivacyDialog.tsx
FN:14,(anonymous_0)
FNF:1
FNH:1
FNDA:2,(anonymous_0)
DA:1,1
DA:14,1
DA:15,2
DA:74,1
LF:4
LH:4
BRF:0
BRH:0
end_of_record
TN:
SF:src/components/auth/TermsDialog.tsx
FN:14,(anonymous_0)
FNF:1
FNH:1
FNDA:2,(anonymous_0)
DA:1,1
DA:14,1
DA:15,2
DA:48,1
LF:4
LH:4
BRF:0
BRH:0
end_of_record
TN:
SF:src/components/auth/login/LegalLinks.tsx
FN:5,(anonymous_1)
FN:14,(anonymous_2)
FN:24,(anonymous_3)
FNF:3
FNH:1
FNDA:2,(anonymous_1)
FNDA:0,(anonymous_2)
FNDA:0,(anonymous_3)
DA:1,1
DA:2,1
DA:3,1
DA:5,1
DA:6,2
DA:7,2
DA:9,2
DA:15,0
DA:16,0
DA:25,0
DA:26,0
DA:40,1
LF:12
LH:8
BRF:0
BRH:0
end_of_record
TN:
SF:src/components/auth/login/LoginButton.tsx
FN:8,(anonymous_0)
FNF:1
FNH:1
FNDA:2,(anonymous_0)
DA:1,1
DA:2,1
DA:8,1
DA:9,2
DA:27,1
LF:5
LH:5
BRDA:15,0,0,0
BRDA:15,0,1,2
BRF:2
BRH:1
end_of_record
TN:
SF:src/components/auth/login/MemberNumberInput.tsx
FN:9,(anonymous_0)
FN:19,(anonymous_1)
FNF:2
FNH:2
FNDA:2,(anonymous_0)
FNDA:1,(anonymous_1)
DA:1,1
DA:9,1
DA:10,2
DA:19,1
DA:30,1
LF:5
LH:5
BRF:0
BRH:0
end_of_record
TN:
SF:src/components/ui/button.tsx
FN:43,(anonymous_7)
FNF:1
FNH:1
FNDA:2,(anonymous_7)
DA:1,1
DA:2,1
DA:3,1
DA:5,1
DA:7,1
DA:42,1
DA:43,2
DA:44,2
DA:45,2
DA:54,1
DA:56,1
LF:11
LH:11
BRDA:43,0,0,2
BRDA:44,1,0,0
BRDA:44,1,1,2
BRF:3
BRH:2
end_of_record
TN:
SF:src/components/ui/dialog.tsx
FN:18,(anonymous_7)
FN:33,(anonymous_8)
FN:54,(anonymous_9)
FN:68,(anonymous_10)
FN:85,(anonymous_11)
FN:100,(anonymous_12)
FNF:6
FNH:1
FNDA:0,(anonymous_7)
FNDA:4,(anonymous_8)
FNDA:0,(anonymous_9)
FNDA:0,(anonymous_10)
FNDA:0,(anonymous_11)
FNDA:0,(anonymous_12)
DA:1,1
DA:2,1
DA:3,1
DA:5,1
DA:7,1
DA:9,1
DA:11,1
DA:13,1
DA:15,1
DA:18,0
DA:28,1
DA:30,1
DA:33,4
DA:52,1
DA:54,1
DA:55,0
DA:56,0
DA:57,0
DA:66,1
DA:68,1
DA:69,0
DA:70,0
DA:71,0
DA:80,1
DA:82,1
DA:85,0
DA:95,1
DA:97,1
DA:100,0
DA:107,1
DA:110,1
DA:111,1
DA:112,1
DA:113,1
DA:114,1
DA:115,1
DA:116,1
DA:117,1
DA:118,1
DA:119,1
LF:40
LH:31
BRF:0
BRH:0
end_of_record
TN:
SF:src/components/ui/input.tsx
FN:9,(anonymous_7)
FNF:1
FNH:1
FNDA:2,(anonymous_7)
DA:1,1
DA:3,1
DA:8,1
DA:9,2
DA:10,2
DA:23,1
DA:25,1
LF:7
LH:7
BRF:0
BRH:0
end_of_record
TN:
SF:src/lib/utils.ts
FN:4,cn
FNF:1
FNH:1
FNDA:8,cn
DA:1,1
DA:2,1
DA:4,1
DA:5,8
LF:4
LH:4
BRF:0
BRH:0
end_of_record
